2023-04-10-11:37:27 DEBUG BaseTest: setup: configuration started 
2023-04-10-11:37:27 DEBUG BaseTest: setup: configuration complete
2023-04-10-11:37:33 DEBUG BaseTest: getBrowserType: chrome driver configured
2023-04-10-11:37:33 DEBUG BaseTest: setDriver: driver configuration done
2023-04-10-11:37:33 DEBUG BaseTest: setDriver: driver saved on to a threadlocal object
2023-04-10-11:37:33 DEBUG BaseTest: setDriver: test object created
2023-04-10-11:37:33 DEBUG BaseTest: getDriver: driver configuration retrived by the thread
2023-04-10-11:37:54 DEBUG BaseTest: getDriver: driver configuration retrived by the thread
2023-04-10-11:37:55 DEBUG SfdcListeners: onTestFailure: screen shot captured for test loginTest
2023-04-10-11:37:55 DEBUG SfdcListeners: onTestFailure: Test Failed loginTest
2023-04-10-11:37:55 DEBUG BaseTest: getDriver: driver configuration retrived by the thread
2023-04-10-11:37:56 DEBUG BaseTest: removeDriver: driver configuration removed from the thread
2023-04-10-11:37:59 DEBUG BaseTest: getBrowserType: chrome driver configured
2023-04-10-11:37:59 DEBUG BaseTest: setDriver: driver configuration done
2023-04-10-11:37:59 DEBUG BaseTest: setDriver: driver saved on to a threadlocal object
2023-04-10-11:37:59 DEBUG BaseTest: setDriver: test object created
2023-04-10-11:37:59 DEBUG BaseTest: getDriver: driver configuration retrived by the thread
2023-04-10-11:39:06 DEBUG SfdcListeners: onTestSuccess: Test passed  userMenu_TC06
2023-04-10-11:39:06 DEBUG BaseTest: getDriver: driver configuration retrived by the thread
2023-04-10-11:39:06 DEBUG BaseTest: removeDriver: driver configuration removed from the thread
2023-04-10-11:39:08 DEBUG BaseTest: tearDown: completed 
